<?xml version="1.0" encoding="UTF-8"?>
<!-- Generated by org.testng.reporters.JUnitXMLReporter -->
<testsuite hostname="CHANDANB-PC" name="Test" tests="12" failures="1" timestamp="6 Feb 2020 07:21:51 GMT" time="149.576" errors="0">
  <testcase name="checkHomePageTitle" time="0.153" classname="com.mavenAccuride.test.BuyProductIfUserIsNotLoggedIn"/>
  <testcase name="searchProductOnTheSearchbox" time="20.56" classname="com.mavenAccuride.test.BuyProductIfUserIsNotLoggedIn"/>
  <testcase name="intialProductQuantity" time="2.175" classname="com.mavenAccuride.test.BuyProductIfUserIsNotLoggedIn"/>
  <testcase name="increasingTheProductCountViaDirectField" time="2.184" classname="com.mavenAccuride.test.BuyProductIfUserIsNotLoggedIn"/>
  <testcase name="productAddToCart" time="3.112" classname="com.mavenAccuride.test.BuyProductIfUserIsNotLoggedIn"/>
  <testcase name="verifyTheCardDialogBox" time="12.186" classname="com.mavenAccuride.test.BuyProductIfUserIsNotLoggedIn"/>
  <testcase name="verifyTheProductOnShoppingPage" time="5.18" classname="com.mavenAccuride.test.BuyProductIfUserIsNotLoggedIn"/>
  <testcase name="verifyTheProceedToCartButton" time="12.166" classname="com.mavenAccuride.test.BuyProductIfUserIsNotLoggedIn"/>
  <testcase name="checkShippingPageTitle" time="8.14" classname="com.mavenAccuride.test.BuyProductIfUserIsNotLoggedIn"/>
  <testcase name="checkingUserIsNotLoggedIn" time="0.13" classname="com.mavenAccuride.test.BuyProductIfUserIsNotLoggedIn"/>
  <testcase name="validUserLogin" time="63.55" classname="com.mavenAccuride.test.BuyProductIfUserIsNotLoggedIn"/>
  <testcase name="goingToThePayementPage" time="4.044" classname="com.mavenAccuride.test.BuyProductIfUserIsNotLoggedIn">
    <failure type="org.openqa.selenium.NoSuchElementException" message="no such element: Unable to locate element: {&amp;quot;method&amp;quot;:&amp;quot;xpath&amp;quot;,&amp;quot;selector&amp;quot;:&amp;quot;//div[contains(text(),&amp;apos;Shipping Methods&amp;apos;)]&amp;quot;}
  (Session info: chrome=79.0.3945.130)
For documentation on this error, please visit: http://seleniumhq.org/exceptions/no_such_element.html
Build info: version: &amp;apos;3.14.0&amp;apos;, revision: &amp;apos;aacccce0&amp;apos;, time: &amp;apos;2018-08-02T20:19:58.91Z&amp;apos;
System info: host: &amp;apos;CHANDANB-PC&amp;apos;, ip: &amp;apos;169.254.210.173&amp;apos;, os.name: &amp;apos;Windows 7&amp;apos;, os.arch: &amp;apos;x86&amp;apos;, os.version: &amp;apos;6.1&amp;apos;, java.version: &amp;apos;1.8.0_45&amp;apos;
Driver info: org.openqa.selenium.chrome.ChromeDriver
Capabilities {acceptInsecureCerts: false, browserName: chrome, browserVersion: 79.0.3945.130, chrome: {chromedriverVersion: 78.0.3904.105 (60e2d8774a81..., userDataDir: C:\Users\CHANDA~1.BHA\AppDa...}, goog:chromeOptions: {debuggerAddress: localhost:60080}, javascriptEnabled: true, networkConnectionEnabled: false, pageLoadStrategy: normal, platform: XP, platformName: XP, proxy: Proxy(), setWindowRect: true, strictFileInteractability: false, timeouts: {implicit: 0, pageLoad: 300000, script: 30000}, unhandledPromptBehavior: dismiss and notify}
Session ID: 926c4aa90a2f4d941d73dba0c09784e1
*** Element info: {Using=xpath, value=//div[contains(text(),&amp;apos;Shipping Methods&amp;apos;)]}">
      <![CDATA[org.openqa.selenium.NoSuchElementException: no such element: Unable to locate element: {"method":"xpath","selector":"//div[contains(text(),'Shipping Methods')]"}
  (Session info: chrome=79.0.3945.130)
For documentation on this error, please visit: http://seleniumhq.org/exceptions/no_such_element.html
Build info: version: '3.14.0', revision: 'aacccce0', time: '2018-08-02T20:19:58.91Z'
System info: host: 'CHANDANB-PC', ip: '169.254.210.173', os.name: 'Windows 7', os.arch: 'x86', os.version: '6.1', java.version: '1.8.0_45'
Driver info: org.openqa.selenium.chrome.ChromeDriver
Capabilities {acceptInsecureCerts: false, browserName: chrome, browserVersion: 79.0.3945.130, chrome: {chromedriverVersion: 78.0.3904.105 (60e2d8774a81..., userDataDir: C:\Users\CHANDA~1.BHA\AppDa...}, goog:chromeOptions: {debuggerAddress: localhost:60080}, javascriptEnabled: true, networkConnectionEnabled: false, pageLoadStrategy: normal, platform: XP, platformName: XP, proxy: Proxy(), setWindowRect: true, strictFileInteractability: false, timeouts: {implicit: 0, pageLoad: 300000, script: 30000}, unhandledPromptBehavior: dismiss and notify}
Session ID: 926c4aa90a2f4d941d73dba0c09784e1
*** Element info: {Using=xpath, value=//div[contains(text(),'Shipping Methods')]}
	at org.openqa.selenium.remote.http.W3CHttpResponseCodec.createException(W3CHttpResponseCodec.java:187)
	at org.openqa.selenium.remote.http.W3CHttpResponseCodec.decode(W3CHttpResponseCodec.java:122)
	at org.openqa.selenium.remote.http.W3CHttpResponseCodec.decode(W3CHttpResponseCodec.java:49)
	at org.openqa.selenium.remote.HttpCommandExecutor.execute(HttpCommandExecutor.java:158)
	at org.openqa.selenium.remote.service.DriverCommandExecutor.execute(DriverCommandExecutor.java:83)
	at org.openqa.selenium.remote.RemoteWebDriver.execute(RemoteWebDriver.java:548)
	at org.openqa.selenium.remote.RemoteWebDriver.findElement(RemoteWebDriver.java:322)
	at org.openqa.selenium.remote.RemoteWebDriver.findElementByXPath(RemoteWebDriver.java:424)
	at org.openqa.selenium.By$ByXPath.findElement(By.java:353)
	at org.openqa.selenium.remote.RemoteWebDriver.findElement(RemoteWebDriver.java:314)
	at org.openqa.selenium.support.pagefactory.DefaultElementLocator.findElement(DefaultElementLocator.java:69)
	at org.openqa.selenium.support.pagefactory.internal.LocatingElementHandler.invoke(LocatingElementHandler.java:38)
	at com.sun.proxy.$Proxy9.getWrappedElement(Unknown Source)
	at org.openqa.selenium.remote.internal.WebElementToJsonConverter.apply(WebElementToJsonConverter.java:50)
	at java.util.stream.ReferencePipeline$3$1.accept(ReferencePipeline.java:193)
	at java.util.Spliterators$ArraySpliterator.forEachRemaining(Spliterators.java:948)
	at java.util.stream.AbstractPipeline.copyInto(AbstractPipeline.java:512)
	at java.util.stream.AbstractPipeline.wrapAndCopyInto(AbstractPipeline.java:502)
	at java.util.stream.ReduceOps$ReduceOp.evaluateSequential(ReduceOps.java:708)
	at java.util.stream.AbstractPipeline.evaluate(AbstractPipeline.java:234)
	at java.util.stream.ReferencePipeline.collect(ReferencePipeline.java:499)
	at org.openqa.selenium.remote.RemoteWebDriver.executeScript(RemoteWebDriver.java:480)
	at com.accuride.pages.ShoppingAddressPage.goToThePaymentPage(ShoppingAddressPage.java:153)
	at com.mavenAccuride.test.BuyProductIfUserIsNotLoggedIn.goingToThePayementPage(BuyProductIfUserIsNotLoggedIn.java:127)
... Removed 28 stack frames]]>
    </failure>
  </testcase> <!-- goingToThePayementPage -->
</testsuite> <!-- Test -->
